[   12624ms] [ERROR] Failed to load resource: the server responded with a status of 404 (Not Found) @ http://localhost:3001/api/heatmap/0:0
[   13639ms] [ERROR] Failed to load resource: the server responded with a status of 404 (Not Found) @ http://localhost:3001/api/heatmap/0:0
[   14336ms] [ERROR] Failed to load resource: the server responded with a status of 401 () @ https://ef-map.com/api/subscription/check:0
[   14413ms] [ERROR] Failed to load resource: net::ERR_NAME_NOT_RESOLVED @ https://static.cloudflareinsights.com/beacon.min.js/v8c78df7c7c0f484497ecbca7046644da1771523124516:0
[   15658ms] [ERROR] Failed to load resource: the server responded with a status of 404 (Not Found) @ http://localhost:3001/api/heatmap/0:0
[   30890ms] [ERROR] Failed to load resource: the server responded with a status of 404 (Not Found) @ http://localhost:3001/api/heatmap/0:0
[   31915ms] [ERROR] Failed to load resource: the server responded with a status of 404 (Not Found) @ http://localhost:3001/api/heatmap/0:0
[   14336ms] [ERROR] Failed to load resource: the server responded with a status of 401 () @ https://ef-map.com/api/subscription/check:0
[   14413ms] [ERROR] Failed to load resource: net::ERR_NAME_NOT_RESOLVED @ https://static.cloudflareinsights.com/beacon.min.js/v8c78df7c7c0f484497ecbca7046644da1771523124516:0
[   33954ms] [ERROR] Failed to load resource: the server responded with a status of 404 (Not Found) @ http://localhost:3001/api/heatmap/0:0
[   36063ms] [ERROR] Failed to load resource: net::ERR_NAME_NOT_RESOLVED @ https://static.cloudflareinsights.com/beacon.min.js/v8c78df7c7c0f484497ecbca7046644da1771523124516:0
[   37625ms] [ERROR] Failed to load resource: the server responded with a status of 400 () @ https://ef-map.com/api/usage-event:0
[   37625ms] [WARNING] [usage] some events rejected (400). @ https://ef-map.com/assets/index-B-N8Ab73.js:4472
[   37658ms] [ERROR] Failed to load resource: the server responded with a status of 401 () @ https://ef-map.com/api/subscription/check:0
[   53550ms] [ERROR] Failed to load resource: the server responded with a status of 404 (Not Found) @ http://localhost:3001/api/heatmap/1:0
[   54572ms] [ERROR] Failed to load resource: the server responded with a status of 404 (Not Found) @ http://localhost:3001/api/heatmap/1:0
[   56330ms] [ERROR] Failed to load resource: the server responded with a status of 404 (Not Found) @ http://localhost:3001/api/heatmap/0:0
[   57343ms] [ERROR] Failed to load resource: the server responded with a status of 404 (Not Found) @ http://localhost:3001/api/heatmap/0:0
[   57597ms] [ERROR] Failed to load resource: the server responded with a status of 404 (Not Found) @ http://localhost:3001/api/heatmap/1:0
[   58616ms] [ERROR] Failed to load resource: the server responded with a status of 404 (Not Found) @ http://localhost:3001/api/heatmap/1:0
[   59369ms] [ERROR] Failed to load resource: the server responded with a status of 404 (Not Found) @ http://localhost:3001/api/heatmap/0:0
[   60643ms] [ERROR] Failed to load resource: the server responded with a status of 404 (Not Found) @ http://localhost:3001/api/heatmap/1:0
[   61049ms] [ERROR] Failed to load resource: the server responded with a status of 404 (Not Found) @ http://localhost:3001/api/heatmap/0:0
[   62068ms] [ERROR] Failed to load resource: the server responded with a status of 404 (Not Found) @ http://localhost:3001/api/heatmap/0:0
[   62251ms] [ERROR] Failed to load resource: the server responded with a status of 404 (Not Found) @ http://localhost:3001/api/heatmap/1:0
[   64093ms] [ERROR] Failed to load resource: the server responded with a status of 404 (Not Found) @ http://localhost:3001/api/heatmap/0:0
[   71274ms] [ERROR] Failed to load resource: net::ERR_NAME_NOT_RESOLVED @ https://static.cloudflareinsights.com/beacon.min.js/v8c78df7c7c0f484497ecbca7046644da1771523124516:0
[   71679ms] [ERROR] Failed to load resource: the server responded with a status of 400 () @ https://ef-map.com/api/usage-event:0
[   71679ms] [WARNING] [usage] some events rejected (400). @ https://ef-map.com/assets/index-B-N8Ab73.js:4472
[   73170ms] [ERROR] Failed to load resource: the server responded with a status of 401 () @ https://ef-map.com/api/subscription/check:0
[  124159ms] [ERROR] Failed to load resource: the server responded with a status of 404 (Not Found) @ http://localhost:3001/api/heatmap/0:0
[  125176ms] [ERROR] Failed to load resource: the server responded with a status of 404 (Not Found) @ http://localhost:3001/api/heatmap/0:0
[  127193ms] [ERROR] Failed to load resource: the server responded with a status of 404 (Not Found) @ http://localhost:3001/api/heatmap/0:0
[  187251ms] [ERROR] Failed to load resource: the server responded with a status of 404 (Not Found) @ http://localhost:3001/api/heatmap/0:0
[  188271ms] [ERROR] Failed to load resource: the server responded with a status of 404 (Not Found) @ http://localhost:3001/api/heatmap/0:0
[  190291ms] [ERROR] Failed to load resource: the server responded with a status of 404 (Not Found) @ http://localhost:3001/api/heatmap/0:0
